<?xml version="1.0" encoding="UTF-8"?>
<!-- Generated by org.testng.reporters.JUnitReportReporter -->
<testsuite hostname="Alekyas-MacBook-Air.local" failures="0" tests="12" name="Test.FinalTest" time="64.678" errors="0" timestamp="2024-08-31T01:38:57 IST" skipped="0">
  <testcase classname="Test.FinalTest" name="Bookicon" time="0.563"/>
  <testcase classname="Test.FinalTest" name="NewArrivals" time="5.194"/>
  <testcase classname="Test.FinalTest" name="setboxpage" time="4.527"/>
  <testcase classname="Test.FinalTest" name="setboxpage2" time="23.571"/>
  <testcase classname="Test.FinalTest" name="Bestsellers" time="4.015"/>
  <testcase classname="Test.FinalTest" name="FictionBooks" time="7.048"/>
  <testcase classname="Test.FinalTest" name="Awardwinners" time="2.581"/>
  <testcase classname="Test.FinalTest" name="FeaturedAuthors" time="2.100"/>
  <testcase classname="Test.FinalTest" name="FeaturedAuthors1" time="2.256"/>
  <testcase classname="Test.FinalTest" name="Requestabook" time="1.441"/>
  <testcase classname="Test.FinalTest" name="Requestabook1" time="7.458"/>
  <testcase classname="Test.FinalTest" name="setboxpage3" time="3.924"/>
</testsuite> <!-- Test.FinalTest -->
